/home/illarion/auto_drone/install/drone_reg/lib/python3.10/site-packages/drone_reg/drone_system_2.py
/home/illarion/auto_drone/install/drone_reg/lib/python3.10/site-packages/drone_reg/drone_system2_reg.py
/home/illarion/auto_drone/install/drone_reg/lib/python3.10/site-packages/drone_reg/drone_system3_imu.py
/home/illarion/auto_drone/install/drone_reg/lib/python3.10/site-packages/drone_reg/drone_system1_gps.py
/home/illarion/auto_drone/install/drone_reg/lib/python3.10/site-packages/drone_reg/drone_system_0.py
/home/illarion/auto_drone/install/drone_reg/lib/python3.10/site-packages/drone_reg/__init__.py
/home/illarion/auto_drone/install/drone_reg/lib/python3.10/site-packages/drone_reg/__pycache__/drone_system_2.cpython-310.pyc
/home/illarion/auto_drone/install/drone_reg/lib/python3.10/site-packages/drone_reg/__pycache__/drone_system2_reg.cpython-310.pyc
/home/illarion/auto_drone/install/drone_reg/lib/python3.10/site-packages/drone_reg/__pycache__/drone_system3_imu.cpython-310.pyc
/home/illarion/auto_drone/install/drone_reg/lib/python3.10/site-packages/drone_reg/__pycache__/drone_system1_gps.cpython-310.pyc
/home/illarion/auto_drone/install/drone_reg/lib/python3.10/site-packages/drone_reg/__pycache__/drone_system_0.cpython-310.pyc
/home/illarion/auto_drone/install/drone_reg/lib/python3.10/site-packages/drone_reg/__pycache__/__init__.cpython-310.pyc
/home/illarion/auto_drone/install/drone_reg/share/ament_index/resource_index/packages/drone_reg
/home/illarion/auto_drone/install/drone_reg/share/drone_reg/package.xml
/home/illarion/auto_drone/install/drone_reg/lib/python3.10/site-packages/drone_reg-0.0.0-py3.10.egg-info/entry_points.txt
/home/illarion/auto_drone/install/drone_reg/lib/python3.10/site-packages/drone_reg-0.0.0-py3.10.egg-info/PKG-INFO
/home/illarion/auto_drone/install/drone_reg/lib/python3.10/site-packages/drone_reg-0.0.0-py3.10.egg-info/top_level.txt
/home/illarion/auto_drone/install/drone_reg/lib/python3.10/site-packages/drone_reg-0.0.0-py3.10.egg-info/SOURCES.txt
/home/illarion/auto_drone/install/drone_reg/lib/python3.10/site-packages/drone_reg-0.0.0-py3.10.egg-info/zip-safe
/home/illarion/auto_drone/install/drone_reg/lib/python3.10/site-packages/drone_reg-0.0.0-py3.10.egg-info/dependency_links.txt
/home/illarion/auto_drone/install/drone_reg/lib/python3.10/site-packages/drone_reg-0.0.0-py3.10.egg-info/requires.txt
