running egg_info
writing ../../build/drone_reg/drone_reg.egg-info/PKG-INFO
writing dependency_links to ../../build/drone_reg/drone_reg.egg-info/dependency_links.txt
writing entry points to ../../build/drone_reg/drone_reg.egg-info/entry_points.txt
writing requirements to ../../build/drone_reg/drone_reg.egg-info/requires.txt
writing top-level names to ../../build/drone_reg/drone_reg.egg-info/top_level.txt
reading manifest file '../../build/drone_reg/drone_reg.egg-info/SOURCES.txt'
adding license file 'LICENSE'
writing manifest file '../../build/drone_reg/drone_reg.egg-info/SOURCES.txt'
running build
running build_py
copying drone_reg/drone_system_2.py -> /home/illarion/auto_drone/build/drone_reg/build/lib/drone_reg
running install
running install_lib
copying /home/illarion/auto_drone/build/drone_reg/build/lib/drone_reg/drone_system_2.py -> /home/illarion/auto_drone/install/drone_reg/lib/python3.10/site-packages/drone_reg
byte-compiling /home/illarion/auto_drone/install/drone_reg/lib/python3.10/site-packages/drone_reg/drone_system_2.py to drone_system_2.cpython-310.pyc
running install_data
running install_egg_info
removing '/home/illarion/auto_drone/install/drone_reg/lib/python3.10/site-packages/drone_reg-0.0.0-py3.10.egg-info' (and everything under it)
Copying ../../build/drone_reg/drone_reg.egg-info to /home/illarion/auto_drone/install/drone_reg/lib/python3.10/site-packages/drone_reg-0.0.0-py3.10.egg-info
running install_scripts
writing list of installed files to '/home/illarion/auto_drone/build/drone_reg/install.log'
