[0.334s] Invoking command in '/home/illarion/auto_drone/src/drone_reg': PYTHONPATH=/home/illarion/auto_drone/build/drone_reg/prefix_override:/usr/lib/python3/dist-packages/colcon_core/task/python/colcon_distutils_commands:/home/illarion/auto_drone/install/drone_reg/lib/python3.10/site-packages:${PYTHONPATH} /usr/bin/python3 -W ignore:setup.py install is deprecated -W ignore:easy_install command is deprecated setup.py egg_info --egg-base ../../build/drone_reg build --build-base /home/illarion/auto_drone/build/drone_reg/build install --record /home/illarion/auto_drone/build/drone_reg/install.log --single-version-externally-managed install_data
[0.459s] running egg_info
[0.459s] writing ../../build/drone_reg/drone_reg.egg-info/PKG-INFO
[0.459s] writing dependency_links to ../../build/drone_reg/drone_reg.egg-info/dependency_links.txt
[0.459s] writing entry points to ../../build/drone_reg/drone_reg.egg-info/entry_points.txt
[0.459s] writing requirements to ../../build/drone_reg/drone_reg.egg-info/requires.txt
[0.459s] writing top-level names to ../../build/drone_reg/drone_reg.egg-info/top_level.txt
[0.460s] reading manifest file '../../build/drone_reg/drone_reg.egg-info/SOURCES.txt'
[0.460s] adding license file 'LICENSE'
[0.460s] writing manifest file '../../build/drone_reg/drone_reg.egg-info/SOURCES.txt'
[0.460s] running build
[0.460s] running build_py
[0.461s] copying drone_reg/drone_system_1.py -> /home/illarion/auto_drone/build/drone_reg/build/lib/drone_reg
[0.461s] running install
[0.461s] running install_lib
[0.461s] copying /home/illarion/auto_drone/build/drone_reg/build/lib/drone_reg/drone_system_1.py -> /home/illarion/auto_drone/install/drone_reg/lib/python3.10/site-packages/drone_reg
[0.461s] byte-compiling /home/illarion/auto_drone/install/drone_reg/lib/python3.10/site-packages/drone_reg/drone_system_1.py to drone_system_1.cpython-310.pyc
[0.462s] running install_data
[0.462s] running install_egg_info
[0.463s] removing '/home/illarion/auto_drone/install/drone_reg/lib/python3.10/site-packages/drone_reg-0.0.0-py3.10.egg-info' (and everything under it)
[0.463s] Copying ../../build/drone_reg/drone_reg.egg-info to /home/illarion/auto_drone/install/drone_reg/lib/python3.10/site-packages/drone_reg-0.0.0-py3.10.egg-info
[0.464s] running install_scripts
[0.474s] writing list of installed files to '/home/illarion/auto_drone/build/drone_reg/install.log'
[0.486s] Invoked command in '/home/illarion/auto_drone/src/drone_reg' returned '0': PYTHONPATH=/home/illarion/auto_drone/build/drone_reg/prefix_override:/usr/lib/python3/dist-packages/colcon_core/task/python/colcon_distutils_commands:/home/illarion/auto_drone/install/drone_reg/lib/python3.10/site-packages:${PYTHONPATH} /usr/bin/python3 -W ignore:setup.py install is deprecated -W ignore:easy_install command is deprecated setup.py egg_info --egg-base ../../build/drone_reg build --build-base /home/illarion/auto_drone/build/drone_reg/build install --record /home/illarion/auto_drone/build/drone_reg/install.log --single-version-externally-managed install_data
