[0.360s] Invoking command in '/home/illarion/auto_drone/src/drone_reg': PYTHONPATH=/home/illarion/auto_drone/build/drone_reg/prefix_override:/usr/lib/python3/dist-packages/colcon_core/task/python/colcon_distutils_commands:/home/illarion/auto_drone/install/drone_reg/lib/python3.10/site-packages:${PYTHONPATH} /usr/bin/python3 -W ignore:setup.py install is deprecated -W ignore:easy_install command is deprecated setup.py egg_info --egg-base ../../build/drone_reg build --build-base /home/illarion/auto_drone/build/drone_reg/build install --record /home/illarion/auto_drone/build/drone_reg/install.log --single-version-externally-managed install_data
[0.490s] running egg_info
[0.490s] writing ../../build/drone_reg/drone_reg.egg-info/PKG-INFO
[0.490s] writing dependency_links to ../../build/drone_reg/drone_reg.egg-info/dependency_links.txt
[0.490s] writing entry points to ../../build/drone_reg/drone_reg.egg-info/entry_points.txt
[0.490s] writing requirements to ../../build/drone_reg/drone_reg.egg-info/requires.txt
[0.490s] writing top-level names to ../../build/drone_reg/drone_reg.egg-info/top_level.txt
[0.491s] reading manifest file '../../build/drone_reg/drone_reg.egg-info/SOURCES.txt'
[0.491s] adding license file 'LICENSE'
[0.492s] writing manifest file '../../build/drone_reg/drone_reg.egg-info/SOURCES.txt'
[0.492s] running build
[0.492s] running build_py
[0.492s] copying drone_reg/drone_system_2.py -> /home/illarion/auto_drone/build/drone_reg/build/lib/drone_reg
[0.493s] copying drone_reg/drone_system2_reg.py -> /home/illarion/auto_drone/build/drone_reg/build/lib/drone_reg
[0.493s] copying drone_reg/drone_system3_imu.py -> /home/illarion/auto_drone/build/drone_reg/build/lib/drone_reg
[0.493s] copying drone_reg/drone_system1_gps.py -> /home/illarion/auto_drone/build/drone_reg/build/lib/drone_reg
[0.493s] running install
[0.493s] running install_lib
[0.494s] copying /home/illarion/auto_drone/build/drone_reg/build/lib/drone_reg/drone_system_2.py -> /home/illarion/auto_drone/install/drone_reg/lib/python3.10/site-packages/drone_reg
[0.494s] copying /home/illarion/auto_drone/build/drone_reg/build/lib/drone_reg/drone_system2_reg.py -> /home/illarion/auto_drone/install/drone_reg/lib/python3.10/site-packages/drone_reg
[0.494s] copying /home/illarion/auto_drone/build/drone_reg/build/lib/drone_reg/drone_system3_imu.py -> /home/illarion/auto_drone/install/drone_reg/lib/python3.10/site-packages/drone_reg
[0.494s] copying /home/illarion/auto_drone/build/drone_reg/build/lib/drone_reg/drone_system1_gps.py -> /home/illarion/auto_drone/install/drone_reg/lib/python3.10/site-packages/drone_reg
[0.494s] byte-compiling /home/illarion/auto_drone/install/drone_reg/lib/python3.10/site-packages/drone_reg/drone_system_2.py to drone_system_2.cpython-310.pyc
[0.495s] byte-compiling /home/illarion/auto_drone/install/drone_reg/lib/python3.10/site-packages/drone_reg/drone_system2_reg.py to drone_system2_reg.cpython-310.pyc
[0.495s] byte-compiling /home/illarion/auto_drone/install/drone_reg/lib/python3.10/site-packages/drone_reg/drone_system3_imu.py to drone_system3_imu.cpython-310.pyc
[0.495s] byte-compiling /home/illarion/auto_drone/install/drone_reg/lib/python3.10/site-packages/drone_reg/drone_system1_gps.py to drone_system1_gps.cpython-310.pyc
[0.495s] running install_data
[0.496s] running install_egg_info
[0.497s] removing '/home/illarion/auto_drone/install/drone_reg/lib/python3.10/site-packages/drone_reg-0.0.0-py3.10.egg-info' (and everything under it)
[0.497s] Copying ../../build/drone_reg/drone_reg.egg-info to /home/illarion/auto_drone/install/drone_reg/lib/python3.10/site-packages/drone_reg-0.0.0-py3.10.egg-info
[0.497s] running install_scripts
[0.508s] writing list of installed files to '/home/illarion/auto_drone/build/drone_reg/install.log'
[0.521s] Invoked command in '/home/illarion/auto_drone/src/drone_reg' returned '0': PYTHONPATH=/home/illarion/auto_drone/build/drone_reg/prefix_override:/usr/lib/python3/dist-packages/colcon_core/task/python/colcon_distutils_commands:/home/illarion/auto_drone/install/drone_reg/lib/python3.10/site-packages:${PYTHONPATH} /usr/bin/python3 -W ignore:setup.py install is deprecated -W ignore:easy_install command is deprecated setup.py egg_info --egg-base ../../build/drone_reg build --build-base /home/illarion/auto_drone/build/drone_reg/build install --record /home/illarion/auto_drone/build/drone_reg/install.log --single-version-externally-managed install_data
