running egg_info
creating ../../build/drone_reg/drone_reg.egg-info
writing ../../build/drone_reg/drone_reg.egg-info/PKG-INFO
writing dependency_links to ../../build/drone_reg/drone_reg.egg-info/dependency_links.txt
writing entry points to ../../build/drone_reg/drone_reg.egg-info/entry_points.txt
writing requirements to ../../build/drone_reg/drone_reg.egg-info/requires.txt
writing top-level names to ../../build/drone_reg/drone_reg.egg-info/top_level.txt
writing manifest file '../../build/drone_reg/drone_reg.egg-info/SOURCES.txt'
reading manifest file '../../build/drone_reg/drone_reg.egg-info/SOURCES.txt'
adding license file 'LICENSE'
writing manifest file '../../build/drone_reg/drone_reg.egg-info/SOURCES.txt'
running build
running build_py
creating /home/illarion/auto_drone/build/drone_reg/build
creating /home/illarion/auto_drone/build/drone_reg/build/lib
creating /home/illarion/auto_drone/build/drone_reg/build/lib/drone_reg
copying drone_reg/__init__.py -> /home/illarion/auto_drone/build/drone_reg/build/lib/drone_reg
running install
running install_lib
creating /home/illarion/auto_drone/install/drone_reg/lib/python3.10/site-packages/drone_reg
copying /home/illarion/auto_drone/build/drone_reg/build/lib/drone_reg/__init__.py -> /home/illarion/auto_drone/install/drone_reg/lib/python3.10/site-packages/drone_reg
byte-compiling /home/illarion/auto_drone/install/drone_reg/lib/python3.10/site-packages/drone_reg/__init__.py to __init__.cpython-310.pyc
running install_data
creating /home/illarion/auto_drone/install/drone_reg/share/ament_index
creating /home/illarion/auto_drone/install/drone_reg/share/ament_index/resource_index
creating /home/illarion/auto_drone/install/drone_reg/share/ament_index/resource_index/packages
copying resource/drone_reg -> /home/illarion/auto_drone/install/drone_reg/share/ament_index/resource_index/packages
copying package.xml -> /home/illarion/auto_drone/install/drone_reg/share/drone_reg
running install_egg_info
Copying ../../build/drone_reg/drone_reg.egg-info to /home/illarion/auto_drone/install/drone_reg/lib/python3.10/site-packages/drone_reg-0.0.0-py3.10.egg-info
running install_scripts
writing list of installed files to '/home/illarion/auto_drone/build/drone_reg/install.log'
